<?xml version="1.0" encoding="UTF-8"?>
<testsuite xmlns:xsi="http://www.w3.org/2001/XMLSchema-instance" xsi:noNamespaceSchemaLocation="https://maven.apache.org/surefire/maven-surefire-plugin/xsd/surefire-test-report.xsd" name="oy.tol.tra.PerformanceTests" time="0.004" tests="2" errors="0" skipped="0" failures="2">
  <properties>
    <property name="java.specification.version" value="19"/>
    <property name="sun.cpu.isalist" value="amd64"/>
    <property name="sun.jnu.encoding" value="Cp1252"/>
    <property name="java.class.path" value="C:\Users\Käyttäjä\.ssh\mveikkol-tira-2022\67-phonebook\target\test-classes;C:\Users\Käyttäjä\.ssh\mveikkol-tira-2022\67-phonebook\target\classes;C:\Users\Käyttäjä\.m2\repository\org\junit\jupiter\junit-jupiter-api\5.7.0\junit-jupiter-api-5.7.0.jar;C:\Users\Käyttäjä\.m2\repository\org\apiguardian\apiguardian-api\1.1.0\apiguardian-api-1.1.0.jar;C:\Users\Käyttäjä\.m2\repository\org\opentest4j\opentest4j\1.2.0\opentest4j-1.2.0.jar;C:\Users\Käyttäjä\.m2\repository\org\junit\platform\junit-platform-commons\1.7.0\junit-platform-commons-1.7.0.jar;C:\Users\Käyttäjä\.m2\repository\org\junit\jupiter\junit-jupiter-engine\5.7.0\junit-jupiter-engine-5.7.0.jar;C:\Users\Käyttäjä\.m2\repository\org\junit\platform\junit-platform-engine\1.7.0\junit-platform-engine-1.7.0.jar;"/>
    <property name="java.vm.vendor" value="Oracle Corporation"/>
    <property name="sun.arch.data.model" value="64"/>
    <property name="user.variant" value=""/>
    <property name="java.vendor.url" value="https://java.oracle.com/"/>
    <property name="user.timezone" value="Europe/Helsinki"/>
    <property name="os.name" value="Windows 11"/>
    <property name="java.vm.specification.version" value="19"/>
    <property name="sun.java.launcher" value="SUN_STANDARD"/>
    <property name="user.country" value="FI"/>
    <property name="sun.boot.library.path" value="C:\Program Files\Java\jdk-19\bin"/>
    <property name="sun.java.command" value="C:\Users\KYTTJ~1\AppData\Local\Temp\surefire3095727914300814432\surefirebooter8181116792733121347.jar C:\Users\Käyttäjä\AppData\Local\Temp\surefire3095727914300814432 2023-01-04T14-20-46_635-jvmRun1 surefire11212675268281707828tmp surefire_011194593462940961035tmp"/>
    <property name="jdk.debug" value="release"/>
    <property name="surefire.test.class.path" value="C:\Users\Käyttäjä\.ssh\mveikkol-tira-2022\67-phonebook\target\test-classes;C:\Users\Käyttäjä\.ssh\mveikkol-tira-2022\67-phonebook\target\classes;C:\Users\Käyttäjä\.m2\repository\org\junit\jupiter\junit-jupiter-api\5.7.0\junit-jupiter-api-5.7.0.jar;C:\Users\Käyttäjä\.m2\repository\org\apiguardian\apiguardian-api\1.1.0\apiguardian-api-1.1.0.jar;C:\Users\Käyttäjä\.m2\repository\org\opentest4j\opentest4j\1.2.0\opentest4j-1.2.0.jar;C:\Users\Käyttäjä\.m2\repository\org\junit\platform\junit-platform-commons\1.7.0\junit-platform-commons-1.7.0.jar;C:\Users\Käyttäjä\.m2\repository\org\junit\jupiter\junit-jupiter-engine\5.7.0\junit-jupiter-engine-5.7.0.jar;C:\Users\Käyttäjä\.m2\repository\org\junit\platform\junit-platform-engine\1.7.0\junit-platform-engine-1.7.0.jar;"/>
    <property name="sun.cpu.endian" value="little"/>
    <property name="user.home" value="C:\Users\Käyttäjä"/>
    <property name="user.language" value="fi"/>
    <property name="java.specification.vendor" value="Oracle Corporation"/>
    <property name="java.version.date" value="2022-10-18"/>
    <property name="java.home" value="C:\Program Files\Java\jdk-19"/>
    <property name="file.separator" value="\"/>
    <property name="basedir" value="C:\Users\Käyttäjä\.ssh\mveikkol-tira-2022\67-phonebook"/>
    <property name="java.vm.compressedOopsMode" value="Zero based"/>
    <property name="line.separator" value="&#10;"/>
    <property name="java.vm.specification.vendor" value="Oracle Corporation"/>
    <property name="java.specification.name" value="Java Platform API Specification"/>
    <property name="surefire.real.class.path" value="C:\Users\KYTTJ~1\AppData\Local\Temp\surefire3095727914300814432\surefirebooter8181116792733121347.jar"/>
    <property name="user.script" value=""/>
    <property name="sun.management.compiler" value="HotSpot 64-Bit Tiered Compilers"/>
    <property name="java.runtime.version" value="19.0.1+10-21"/>
    <property name="user.name" value="Matias"/>
    <property name="stdout.encoding" value="Cp1252"/>
    <property name="path.separator" value=";"/>
    <property name="os.version" value="10.0"/>
    <property name="java.runtime.name" value="Java(TM) SE Runtime Environment"/>
    <property name="file.encoding" value="UTF-8"/>
    <property name="java.vm.name" value="Java HotSpot(TM) 64-Bit Server VM"/>
    <property name="localRepository" value="C:\Users\Käyttäjä\.m2\repository"/>
    <property name="java.vendor.url.bug" value="https://bugreport.java.com/bugreport/"/>
    <property name="java.io.tmpdir" value="C:\Users\KYTTJ~1\AppData\Local\Temp\"/>
    <property name="java.version" value="19.0.1"/>
    <property name="user.dir" value="C:\Users\Käyttäjä\.ssh\mveikkol-tira-2022\67-phonebook"/>
    <property name="os.arch" value="amd64"/>
    <property name="java.vm.specification.name" value="Java Virtual Machine Specification"/>
    <property name="sun.os.patch.level" value=""/>
    <property name="native.encoding" value="Cp1252"/>
    <property name="java.library.path" value="C:\Program Files\Java\jdk-19\bin;C:\WINDOWS\Sun\Java\bin;C:\WINDOWS\system32;C:\WINDOWS;C:\Program Files\Common Files\Oracle\Java\javapath;C:\WINDOWS\system32;C:\WINDOWS;C:\WINDOWS\System32\Wbem;C:\WINDOWS\System32\WindowsPowerShell\v1.0\;C:\WINDOWS\System32\OpenSSH\;C:\Program Files\dotnet\;C:\Program Files\Git\bin;C:\Program Files\apache-maven-3.8.6-bin\apache-maven-3.8.6\bin;%JAVA_HOME%\bin;C:\Program Files\Java\jdk-19\bin;C:\Program Files\Meld\;C:\Users\Käyttäjä\AppData\Local\Microsoft\WindowsApps;C:\Users\Käyttäjä\Documents\Python\PyCharm Community Edition 2022.2.3\bin;;C:\Users\Käyttäjä\Documents\Java\IntelliJ IDEA Community Edition 2022.2.3\bin;C:\Users\Käyttäjä\Ohjelmointi;;C:\Program Files\Java\jdk-19\bin;C:\Users\Käyttäjä\AppData\Local\Programs\Microsoft VS Code\bin;C:\Users\Käyttäjä\Documents\Opiskelu\OhjelmistonTest\Ex6 source code (6);;."/>
    <property name="java.vm.info" value="mixed mode, sharing"/>
    <property name="stderr.encoding" value="Cp1252"/>
    <property name="java.vendor" value="Oracle Corporation"/>
    <property name="java.vm.version" value="19.0.1+10-21"/>
    <property name="sun.io.unicode.encoding" value="UnicodeLittle"/>
    <property name="java.class.version" value="63.0"/>
  </properties>
  <testcase name="handleReadTestFilesWithHashTable" classname="oy.tol.tra.PerformanceTests" time="0.001">
    <failure message="Could not write test output file: Index -1 out of bounds for length 20" type="org.opentest4j.AssertionFailedError">org.opentest4j.AssertionFailedError: Could not write test output file: Index -1 out of bounds for length 20
	at oy.tol.tra.PerformanceTests.handleReadTestFilesWithHashTable(PerformanceTests.java:122)
</failure>
    <system-out><![CDATA[==> Starting to analyse Hashtable phonebook village.txt
]]></system-out>
  </testcase>
  <testcase name="handleReadTestFilesWithBST" classname="oy.tol.tra.PerformanceTests" time="0">
    <failure message="expected: &lt;100&gt; but was: &lt;0&gt;" type="org.opentest4j.AssertionFailedError"><![CDATA[org.opentest4j.AssertionFailedError: expected: <100> but was: <0>
	at oy.tol.tra.PerformanceTests.handleReadTestFilesWithBST(PerformanceTests.java:61)
]]></failure>
    <system-out><![CDATA[==> Starting to analyse BST phonebook village.txt
]]></system-out>
  </testcase>
</testsuite>